# JRE version: Java(TM) SE Runtime Environment (19.0.1+10) (build 19.0.1+10-21)
# Java VM: Java HotSpot(TM) 64-Bit Server VM (19.0.1+10-21, mixed mode, sharing, tiered, compressed oops, compressed class ptrs, g1 gc, windows-amd64)
GC Precious Log:
 CardTable entry size: 512
 Card Set container configuration: InlinePtr #cards 5 size 8 Array Of Cards #cards 12 size 40 Howl #buckets 4 coarsen threshold 1843 Howl Bitmap #cards 512 size 80 coarsen threshold 460 Card regions per heap region 1 cards per card region 2048
 CPUs: 2 total, 2 available
 Memory: 3911M
 Large Page Support: Disabled
 NUMA Support: Disabled
 Compressed Oops: Enabled (32-bit)
 Heap Region Size: 1M
 Heap Min Capacity: 8M
 Heap Initial Capacity: 62M
 Heap Max Capacity: 978M
 Pre-touch: Disabled
 Parallel Workers: 2
 Concurrent Workers: 1
 Concurrent Refinement Workers: 2
 Periodic GC: Disabled
Heap:
 garbage-first heap   total 54272K, used 38272K [0x00000000c2e00000, 0x0000000100000000)
  region size 1024K, 20 young (20480K), 2 survivors (2048K)
 Metaspace       used 51661K, committed 52160K, reserved 1114112K
  class space    used 6801K, committed 7040K, reserved 1048576K
GC Heap History (20 events):
Event: 5.836 GC heap before
{Heap before GC invocations=4 (full 0):
 garbage-first heap   total 63488K, used 39296K [0x00000000c2e00000, 0x0000000100000000)
  region size 1024K, 35 young (35840K), 4 survivors (4096K)
 Metaspace       used 19656K, committed 19904K, reserved 1114112K
  class space    used 2390K, committed 2496K, reserved 1048576K
}
Event: 5.854 GC heap after
{Heap after GC invocations=5 (full 0):
 garbage-first heap   total 63488K, used 11427K [0x00000000c2e00000, 0x0000000100000000)
  region size 1024K, 5 young (5120K), 5 survivors (5120K)
 Metaspace       used 19656K, committed 19904K, reserved 1114112K
  class space    used 2390K, committed 2496K, reserved 1048576K
}
Event: 6.620 GC heap before
{Heap before GC invocations=5 (full 0):
 garbage-first heap   total 63488K, used 23715K [0x00000000c2e00000, 0x0000000100000000)
  region size 1024K, 18 young (18432K), 5 survivors (5120K)
 Metaspace       used 21324K, committed 21504K, reserved 1114112K
  class space    used 2599K, committed 2688K, reserved 1048576K
}
Event: 6.635 GC heap after
{Heap after GC invocations=6 (full 0):
 garbage-first heap   total 63488K, used 12440K [0x00000000c2e00000, 0x0000000100000000)
  region size 1024K, 2 young (2048K), 2 survivors (2048K)
 Metaspace       used 21324K, committed 21504K, reserved 1114112K
  class space    used 2599K, committed 2688K, reserved 1048576K
}
Event: 8.381 GC heap before
{Heap before GC invocations=7 (full 0):
 garbage-first heap   total 45056K, used 37016K [0x00000000c2e00000, 0x0000000100000000)
  region size 1024K, 26 young (26624K), 2 survivors (2048K)
 Metaspace       used 25911K, committed 26368K, reserved 1114112K
  class space    used 3297K, committed 3520K, reserved 1048576K
}
Event: 8.393 GC heap after
{Heap after GC invocations=8 (full 0):
 garbage-first heap   total 45056K, used 14413K [0x00000000c2e00000, 0x0000000100000000)
  region size 1024K, 4 young (4096K), 4 survivors (4096K)
 Metaspace       used 25911K, committed 26368K, reserved 1114112K
  class space    used 3297K, committed 3520K, reserved 1048576K
}
Event: 8.467 GC heap before
{Heap before GC invocations=8 (full 0):
 garbage-first heap   total 45056K, used 15437K [0x00000000c2e00000, 0x0000000100000000)
  region size 1024K, 5 young (5120K), 4 survivors (4096K)
 Metaspace       used 26041K, committed 26496K, reserved 1114112K
  class space    used 3318K, committed 3520K, reserved 1048576K
}
Event: 8.478 GC heap after
{Heap after GC invocations=9 (full 0):
 garbage-first heap   total 45056K, used 14907K [0x00000000c2e00000, 0x0000000100000000)
  region size 1024K, 1 young (1024K), 1 survivors (1024K)
 Metaspace       used 26041K, committed 26496K, reserved 1114112K
  class space    used 3318K, committed 3520K, reserved 1048576K
}
Event: 9.659 GC heap before
{Heap before GC invocations=9 (full 0):
 garbage-first heap   total 45056K, used 31291K [0x00000000c2e00000, 0x0000000100000000)
  region size 1024K, 18 young (18432K), 1 survivors (1024K)
 Metaspace       used 30047K, committed 30528K, reserved 1114112K
  class space    used 3758K, committed 3968K, reserved 1048576K
}
Event: 9.666 GC heap after
{Heap after GC invocations=10 (full 0):
 garbage-first heap   total 45056K, used 16598K [0x00000000c2e00000, 0x0000000100000000)
  region size 1024K, 3 young (3072K), 3 survivors (3072K)
 Metaspace       used 30047K, committed 30528K, reserved 1114112K
  class space    used 3758K, committed 3968K, reserved 1048576K
}
Event: 10.441 GC heap before
{Heap before GC invocations=10 (full 0):
 garbage-first heap   total 45056K, used 31958K [0x00000000c2e00000, 0x0000000100000000)
  region size 1024K, 19 young (19456K), 3 survivors (3072K)
 Metaspace       used 33578K, committed 34048K, reserved 1114112K
  class space    used 4276K, committed 4480K, reserved 1048576K
}
Event: 10.450 GC heap after
{Heap after GC invocations=11 (full 0):
 garbage-first heap   total 45056K, used 17565K [0x00000000c2e00000, 0x0000000100000000)
  region size 1024K, 1 young (1024K), 1 survivors (1024K)
 Metaspace       used 33578K, committed 34048K, reserved 1114112K
  class space    used 4276K, committed 4480K, reserved 1048576K
}
Event: 10.874 GC heap before
{Heap before GC invocations=11 (full 0):
 garbage-first heap   total 45056K, used 22685K [0x00000000c2e00000, 0x0000000100000000)
  region size 1024K, 7 young (7168K), 1 survivors (1024K)
 Metaspace       used 35458K, committed 35968K, reserved 1114112K
  class space    used 4559K, committed 4800K, reserved 1048576K
}
Event: 10.882 GC heap after
{Heap after GC invocations=12 (full 0):
 garbage-first heap   total 45056K, used 17789K [0x00000000c2e00000, 0x0000000100000000)
  region size 1024K, 2 young (2048K), 2 survivors (2048K)
 Metaspace       used 35458K, committed 35968K, reserved 1114112K
  class space    used 4559K, committed 4800K, reserved 1048576K
}
Event: 11.800 GC heap before
{Heap before GC invocations=13 (full 0):
 garbage-first heap   total 45056K, used 32125K [0x00000000c2e00000, 0x0000000100000000)
  region size 1024K, 17 young (17408K), 2 survivors (2048K)
 Metaspace       used 40301K, committed 40832K, reserved 1114112K
  class space    used 5149K, committed 5376K, reserved 1048576K
}
Event: 11.812 GC heap after
{Heap after GC invocations=14 (full 0):
 garbage-first heap   total 45056K, used 19613K [0x00000000c2e00000, 0x0000000100000000)
  region size 1024K, 3 young (3072K), 3 survivors (3072K)
 Metaspace       used 40301K, committed 40832K, reserved 1114112K
  class space    used 5149K, committed 5376K, reserved 1048576K
}
Event: 11.860 GC heap before
{Heap before GC invocations=14 (full 0):
 garbage-first heap   total 45056K, used 20637K [0x00000000c2e00000, 0x0000000100000000)
  region size 1024K, 4 young (4096K), 3 survivors (3072K)
 Metaspace       used 40600K, committed 41152K, reserved 1114112K
  class space    used 5186K, committed 5440K, reserved 1048576K
}
Event: 11.869 GC heap after
{Heap after GC invocations=15 (full 0):
 garbage-first heap   total 54272K, used 19697K [0x00000000c2e00000, 0x0000000100000000)
  region size 1024K, 1 young (1024K), 1 survivors (1024K)
 Metaspace       used 40600K, committed 41152K, reserved 1114112K
  class space    used 5186K, committed 5440K, reserved 1048576K
}
Event: 13.171 GC heap before
{Heap before GC invocations=15 (full 0):
 garbage-first heap   total 54272K, used 40177K [0x00000000c2e00000, 0x0000000100000000)
  region size 1024K, 22 young (22528K), 1 survivors (1024K)
 Metaspace       used 47218K, committed 47808K, reserved 1114112K
  class space    used 6201K, committed 6464K, reserved 1048576K
}
Event: 13.178 GC heap after
{Heap after GC invocations=16 (full 0):
 garbage-first heap   total 54272K, used 20864K [0x00000000c2e00000, 0x0000000100000000)
  region size 1024K, 2 young (2048K), 2 survivors (2048K)
 Metaspace       used 47218K, committed 47808K, reserved 1114112K
  class space    used 6201K, committed 6464K, reserved 1048576K
}

